<?xml version="1.0" encoding="UTF-8"?>
<!-- Generated by org.testng.reporters.JUnitReportReporter -->
<testsuite hostname="DESKTOP-O2UT8N5" failures="0" tests="8" name="runner.RunnerTest" time="94.640" errors="0" timestamp="2022-09-02T12:43:19 BDT" skipped="0">
  <testcase classname="runner.RunnerTest" name="runScenario" time="11.926"/>
  <system-out/>
  <testcase classname="runner.RunnerTest" name="runScenario" time="13.024"/>
  <system-out/>
  <testcase classname="runner.RunnerTest" name="runScenario" time="11.955"/>
  <system-out/>
  <testcase classname="runner.RunnerTest" name="runScenario" time="10.157"/>
  <system-out/>
  <testcase classname="runner.RunnerTest" name="runScenario" time="12.047"/>
  <system-out/>
  <testcase classname="runner.RunnerTest" name="runScenario" time="13.723"/>
  <system-out/>
  <testcase classname="runner.RunnerTest" name="runScenario" time="10.883"/>
  <system-out/>
  <testcase classname="runner.RunnerTest" name="runScenario" time="10.925"/>
  <system-out/>
</testsuite> <!-- runner.RunnerTest -->
